<?xml version="1.0" encoding="UTF-8"?>
<!-- Generated by org.testng.reporters.JUnitReportReporter -->
<testsuite hostname="INLN50946522A" name="selenium.LoginAutomationTest" tests="6" failures="0" timestamp="5 May 2019 13:51:06 GMT" time="24.882" errors="0">
  <testcase name="checkLoginWithInvalidUsernamePassword" time="5.035" classname="selenium.LoginAutomationTest"/>
  <testcase name="checkLoginWithInvalidPasswordAndNoUsername" time="3.799" classname="selenium.LoginAutomationTest"/>
  <testcase name="checkRequiredFieldsExist" time="3.040" classname="selenium.LoginAutomationTest"/>
  <testcase name="checkLoginWithInvalidUsernameAndNoPassword" time="3.176" classname="selenium.LoginAutomationTest"/>
  <testcase name="checkLoginWithValidUsernameAndInvalidPassword" time="5.041" classname="selenium.LoginAutomationTest"/>
  <testcase name="checkLoginWithValidUsernameAndValidPassword" time="4.791" classname="selenium.LoginAutomationTest"/>
</testsuite> <!-- selenium.LoginAutomationTest -->
